<?xml version="1.0" encoding="UTF-8"?>
<!-- Generated by org.testng.reporters.JUnitXMLReporter -->
<testsuite hostname="DESKTOP-441JRQV" ignored="0" name="Surefire test" tests="16" failures="2" timestamp="22 mar 2021 03:22:55 GMT" time="126.555" errors="0">
  <testcase name="mustDoValidEmailError on mustDoValidEmailError(Podium.Tests.EnterpriseErrosSimulationTest)" time="12.947" classname="Podium.Tests.EnterpriseErrosSimulationTest"/>
  <testcase name="mustDoFieldRequiredError on mustDoFieldRequiredError(Podium.Tests.EnterpriseErrosSimulationTest)" time="19.499" classname="Podium.Tests.EnterpriseErrosSimulationTest"/>
  <testcase name="mustFillPricingForms[0] on mustFillPricingForms[0](Podium.Tests.FillingFormsWithDDTTest)" time="8.968" classname="Podium.Tests.FillingFormsWithDDTTest"/>
  <testcase name="mustFillPricingForms[1] on mustFillPricingForms[1](Podium.Tests.FillingFormsWithDDTTest)" time="16.899" classname="Podium.Tests.FillingFormsWithDDTTest"/>
  <testcase name="mustFillPricingForms[2] on mustFillPricingForms[2](Podium.Tests.FillingFormsWithDDTTest)" time="26.085" classname="Podium.Tests.FillingFormsWithDDTTest"/>
  <testcase name="mustFillPricingForms[3] on mustFillPricingForms[3](Podium.Tests.FillingFormsWithDDTTest)" time="33.03" classname="Podium.Tests.FillingFormsWithDDTTest"/>
  <testcase name="mustFillPricingForms[4] on mustFillPricingForms[4](Podium.Tests.FillingFormsWithDDTTest)" time="39.1" classname="Podium.Tests.FillingFormsWithDDTTest"/>
  <testcase name="mustVerifyPaymentsPageTest on mustVerifyPaymentsPageTest(Podium.Tests.ProductsTest)" time="7.126" classname="Podium.Tests.ProductsTest"/>
  <testcase name="mustVerifyFeedbackPageTest on mustVerifyFeedbackPageTest(Podium.Tests.ProductsTest)" time="13.93" classname="Podium.Tests.ProductsTest"/>
  <testcase name="mustVerifyWebChatPageTest on mustVerifyWebChatPageTest(Podium.Tests.ProductsTest)" time="21.555" classname="Podium.Tests.ProductsTest"/>
  <testcase name="mustVerifyVideoChatPageTest on mustVerifyVideoChatPageTest(Podium.Tests.ProductsTest)" time="35.127" classname="Podium.Tests.ProductsTest">
    <failure type="org.openqa.selenium.NoSuchElementException" message="no such element: Unable to locate element: {&amp;quot;method&amp;quot;:&amp;quot;link text&amp;quot;,&amp;quot;selector&amp;quot;:&amp;quot;Videochat&amp;quot;}
  (Session info: chrome=89.0.4389.90)
For documentation on this error, please visit: http://seleniumhq.org/exceptions/no_such_element.html
Build info: version: &amp;apos;3.6.0&amp;apos;, revision: &amp;apos;6fbf3ec767&amp;apos;, time: &amp;apos;2017-09-27T15:28:36.4Z&amp;apos;
System info: host: &amp;apos;DESKTOP-441JRQV&amp;apos;, ip: &amp;apos;192.168.1.3&amp;apos;, os.name: &amp;apos;Windows 10&amp;apos;, os.arch: &amp;apos;amd64&amp;apos;, os.version: &amp;apos;10.0&amp;apos;, java.version: &amp;apos;1.8.0_282&amp;apos;
Driver info: org.openqa.selenium.chrome.ChromeDriver
Capabilities [{networkConnectionEnabled=false, chrome={chromedriverVersion=89.0.4389.23 (61b08ee2c50024bab004e48d2b1b083cdbdac579-refs/branch-heads/4389@{#294}), userDataDir=C:\Users\CJ\AppData\Local\Temp\scoped_dir2548_1639006636}, timeouts={implicit=0, pageLoad=300000, script=30000}, pageLoadStrategy=normal, unhandledPromptBehavior=dismiss and notify, strictFileInteractability=false, platform=WINDOWS, proxy=Proxy(), goog:chromeOptions={debuggerAddress=localhost:59539}, acceptInsecureCerts=false, browserVersion=89.0.4389.90, browserName=chrome, javascriptEnabled=true, platformName=WINDOWS, setWindowRect=true, webauthn:extension:largeBlob=true, webauthn:virtualAuthenticators=true}]
Session ID: bb9b6bce717577216a80737165741908
*** Element info: {Using=link text, value=Videochat}">
      <![CDATA[org.openqa.selenium.NoSuchElementException: no such element: Unable to locate element: {"method":"link text","selector":"Videochat"}
  (Session info: chrome=89.0.4389.90)
For documentation on this error, please visit: http://seleniumhq.org/exceptions/no_such_element.html
Build info: version: '3.6.0', revision: '6fbf3ec767', time: '2017-09-27T15:28:36.4Z'
System info: host: 'DESKTOP-441JRQV', ip: '192.168.1.3', os.name: 'Windows 10', os.arch: 'amd64', os.version: '10.0', java.version: '1.8.0_282'
Driver info: org.openqa.selenium.chrome.ChromeDriver
Capabilities [{networkConnectionEnabled=false, chrome={chromedriverVersion=89.0.4389.23 (61b08ee2c50024bab004e48d2b1b083cdbdac579-refs/branch-heads/4389@{#294}), userDataDir=C:\Users\CJ\AppData\Local\Temp\scoped_dir2548_1639006636}, timeouts={implicit=0, pageLoad=300000, script=30000}, pageLoadStrategy=normal, unhandledPromptBehavior=dismiss and notify, strictFileInteractability=false, platform=WINDOWS, proxy=Proxy(), goog:chromeOptions={debuggerAddress=localhost:59539}, acceptInsecureCerts=false, browserVersion=89.0.4389.90, browserName=chrome, javascriptEnabled=true, platformName=WINDOWS, setWindowRect=true, webauthn:extension:largeBlob=true, webauthn:virtualAuthenticators=true}]
Session ID: bb9b6bce717577216a80737165741908
*** Element info: {Using=link text, value=Videochat}
at org.openqa.selenium.remote.http.W3CHttpResponseCodec.createException(W3CHttpResponseCodec.java:185)
at org.openqa.selenium.remote.http.W3CHttpResponseCodec.decode(W3CHttpResponseCodec.java:120)
at org.openqa.selenium.remote.http.W3CHttpResponseCodec.decode(W3CHttpResponseCodec.java:49)
at org.openqa.selenium.remote.HttpCommandExecutor.execute(HttpCommandExecutor.java:164)
at org.openqa.selenium.remote.service.DriverCommandExecutor.execute(DriverCommandExecutor.java:83)
at org.openqa.selenium.remote.RemoteWebDriver.execute(RemoteWebDriver.java:586)
at org.openqa.selenium.remote.RemoteWebDriver.findElement(RemoteWebDriver.java:356)
at org.openqa.selenium.remote.RemoteWebDriver.findElementByLinkText(RemoteWebDriver.java:410)
at org.openqa.selenium.By$ByLinkText.findElement(By.java:246)
at org.openqa.selenium.remote.RemoteWebDriver.findElement(RemoteWebDriver.java:348)
at Podium.Pages.BasePage.getTexts(BasePage.java:11)
at Podium.Pages.ProductsPage.getVideoChatButtonText(ProductsPage.java:77)
at Podium.Tests.ProductsTest.mustVerifyVideoChatPageTest(ProductsTest.java:63)
at org.junit.runners.model.FrameworkMethod$1.runReflectiveCall(FrameworkMethod.java:50)
at org.junit.internal.runners.model.ReflectiveCallable.run(ReflectiveCallable.java:12)
at org.junit.runners.model.FrameworkMethod.invokeExplosively(FrameworkMethod.java:47)
at org.junit.internal.runners.statements.InvokeMethod.evaluate(InvokeMethod.java:17)
at org.junit.internal.runners.statements.RunBefores.evaluate(RunBefores.java:26)
at org.junit.internal.runners.statements.RunAfters.evaluate(RunAfters.java:27)
at org.junit.rules.TestWatcher$1.evaluate(TestWatcher.java:55)
at org.junit.rules.RunRules.evaluate(RunRules.java:20)
at org.junit.runners.ParentRunner.runLeaf(ParentRunner.java:325)
at org.junit.runners.BlockJUnit4ClassRunner.runChild(BlockJUnit4ClassRunner.java:78)
at org.junit.runners.BlockJUnit4ClassRunner.runChild(BlockJUnit4ClassRunner.java:57)
at org.junit.runners.ParentRunner$3.run(ParentRunner.java:290)
at org.junit.runners.ParentRunner$1.schedule(ParentRunner.java:71)
at org.junit.runners.ParentRunner.runChildren(ParentRunner.java:288)
at org.junit.runners.ParentRunner.access$000(ParentRunner.java:58)
at org.junit.runners.ParentRunner$2.evaluate(ParentRunner.java:268)
at org.junit.runners.ParentRunner.run(ParentRunner.java:363)
at org.junit.runner.JUnitCore.run(JUnitCore.java:137)
at org.junit.runner.JUnitCore.run(JUnitCore.java:115)
... Removed 32 stack frames]]>
    </failure>
  </testcase> <!-- mustVerifyVideoChatPageTest on mustVerifyVideoChatPageTest(Podium.Tests.ProductsTest) -->
  <testcase name="mustVerifyCampaignsPageTest on mustVerifyCampaignsPageTest(Podium.Tests.ProductsTest)" time="40.218" classname="Podium.Tests.ProductsTest">
    <failure type="org.junit.ComparisonFailure" message="expected:&amp;lt;[Products]&amp;gt; but was:&amp;lt;[]&amp;gt;">
      <![CDATA[org.junit.ComparisonFailure: expected:<[Products]> but was:<[]>
at org.junit.Assert.assertEquals(Assert.java:115)
at org.junit.Assert.assertEquals(Assert.java:144)
at Podium.Tests.ProductsTest.productsStartingTest(ProductsTest.java:17)
at org.junit.runners.model.FrameworkMethod$1.runReflectiveCall(FrameworkMethod.java:50)
at org.junit.internal.runners.model.ReflectiveCallable.run(ReflectiveCallable.java:12)
at org.junit.runners.model.FrameworkMethod.invokeExplosively(FrameworkMethod.java:47)
at org.junit.internal.runners.statements.RunBefores.evaluate(RunBefores.java:24)
at org.junit.internal.runners.statements.RunAfters.evaluate(RunAfters.java:27)
at org.junit.rules.TestWatcher$1.evaluate(TestWatcher.java:55)
at org.junit.rules.RunRules.evaluate(RunRules.java:20)
at org.junit.runners.ParentRunner.runLeaf(ParentRunner.java:325)
at org.junit.runners.BlockJUnit4ClassRunner.runChild(BlockJUnit4ClassRunner.java:78)
at org.junit.runners.BlockJUnit4ClassRunner.runChild(BlockJUnit4ClassRunner.java:57)
at org.junit.runners.ParentRunner$3.run(ParentRunner.java:290)
at org.junit.runners.ParentRunner$1.schedule(ParentRunner.java:71)
at org.junit.runners.ParentRunner.runChildren(ParentRunner.java:288)
at org.junit.runners.ParentRunner.access$000(ParentRunner.java:58)
at org.junit.runners.ParentRunner$2.evaluate(ParentRunner.java:268)
at org.junit.runners.ParentRunner.run(ParentRunner.java:363)
at org.junit.runner.JUnitCore.run(JUnitCore.java:137)
at org.junit.runner.JUnitCore.run(JUnitCore.java:115)
... Removed 28 stack frames]]>
    </failure>
  </testcase> <!-- mustVerifyCampaignsPageTest on mustVerifyCampaignsPageTest(Podium.Tests.ProductsTest) -->
  <testcase name="mustVerifyTeamChatPageTest on mustVerifyTeamChatPageTest(Podium.Tests.ProductsTest)" time="47.761" classname="Podium.Tests.ProductsTest"/>
  <testcase name="mustVerifyFreeVersionPageTest on mustVerifyFreeVersionPageTest(Podium.Tests.ProductsTest)" time="54.204" classname="Podium.Tests.ProductsTest"/>
  <testcase name="mustVerifyInboxPageTest on mustVerifyInboxPageTest(Podium.Tests.ProductsTest)" time="60.957" classname="Podium.Tests.ProductsTest"/>
  <testcase name="mustVerifyReviewsPageTest on mustVerifyReviewsPageTest(Podium.Tests.ProductsTest)" time="67.891" classname="Podium.Tests.ProductsTest"/>
</testsuite> <!-- Surefire test -->
